<?xml version="1.0" encoding="UTF-8"?>
<testsuite name="com.blazinc.security.DeclarativeHttpClientWithJwtSpec" tests="4" skipped="0" failures="0" errors="0" timestamp="2023-03-06T19:35:59" hostname="blazerg-PC" time="0.518">
  <properties/>
  <testcase name="Verify JWT authentication works with declarative @Client" classname="com.blazinc.security.DeclarativeHttpClientWithJwtSpec" time="0.241"/>
  <testcase name="login with invalid credentials returns a 401" classname="com.blazinc.security.DeclarativeHttpClientWithJwtSpec" time="0.081"/>
  <testcase name="the password have been encoded" classname="com.blazinc.security.DeclarativeHttpClientWithJwtSpec" time="0.119"/>
  <testcase name="Verify JWT access token expiration time is honored" classname="com.blazinc.security.DeclarativeHttpClientWithJwtSpec" time="0.074"/>
  <system-out><![CDATA[?[36m20:35:59.418?[0;39m ?[1;30m[Test worker]?[0;39m ?[34mINFO ?[0;39m ?[35mi.m.context.env.DefaultEnvironment?[0;39m - Established active environments: [test]
?[36m20:35:59.464?[0;39m ?[1;30m[Test worker]?[0;39m ?[34mINFO ?[0;39m ?[35morg.mongodb.driver.client?[0;39m - MongoClient with metadata {"driver": {"name": "mongo-java-driver|sync", "version": "4.7.1"}, "os": {"type": "Linux", "name": "Linux", "architecture": "amd64", "version": "5.19.0-35-generic"}, "platform": "Java/Azul Systems, Inc./17.0.5+8-LTS", "application": {"name": "fire-ultimate"}} created with settings MongoClientSettings{readPreference=primary, writeConcern=WriteConcern{w=null, wTimeout=null ms, journal=null}, retryWrites=true, retryReads=true, readConcern=ReadConcern{level=null}, credential=null, streamFactoryFactory=null, commandListeners=[], codecRegistry=ProvidersCodecRegistry{codecProviders=[io.micronaut.data.mongodb.serde.DataCodecRegistry@5315266, ProvidersCodecRegistry{codecProviders=[ValueCodecProvider{}, BsonValueCodecProvider{}, DBRefCodecProvider{}, DBObjectCodecProvider{}, DocumentCodecProvider{}, IterableCodecProvider{}, MapCodecProvider{}, GeoJsonCodecProvider{}, GridFSFileCodecProvider{}, Jsr310CodecProvider{}, JsonObjectCodecProvider{}, BsonCodecProvider{}, EnumCodecProvider{}, com.mongodb.Jep395RecordCodecProvider@515b9d4a]}, ProvidersCodecRegistry{codecProviders=[MapOfCodecsProvider{codecsMap={}}]}]}, clusterSettings={hosts=[localhost:32773], srvServiceName=mongodb, mode=SINGLE, requiredClusterType=UNKNOWN, requiredReplicaSetName='null', serverSelector='null', clusterListeners='[]', serverSelectionTimeout='30000 ms', localThreshold='30000 ms'}, socketSettings=SocketSettings{connectTimeoutMS=10000, readTimeoutMS=0, receiveBufferSize=0, sendBufferSize=0}, heartbeatSocketSettings=SocketSettings{connectTimeoutMS=10000, readTimeoutMS=10000, receiveBufferSize=0, sendBufferSize=0}, connectionPoolSettings=ConnectionPoolSettings{maxSize=100, minSize=0, maxWaitTimeMS=120000, maxConnectionLifeTimeMS=0, maxConnectionIdleTimeMS=0, maintenanceInitialDelayMS=0, maintenanceFrequencyMS=60000, connectionPoolListeners=[], maxConnecting=2}, serverSettings=ServerSettings{heartbeatFrequencyMS=10000, minHeartbeatFrequencyMS=500, serverListeners='[]', serverMonitorListeners='[]'}, sslSettings=SslSettings{enabled=false, invalidHostNameAllowed=false, context=null}, applicationName='fire-ultimate', compressorList=[], uuidRepresentation=UNSPECIFIED, serverApi=null, autoEncryptionSettings=null, contextProvider=null}
?[36m20:35:59.465?[0;39m ?[1;30m[cluster-rtt-ClusterId{value='6406409fc4a2dd4af240b790', description='fire-ultimate'}-localhost:32773]?[0;39m ?[34mINFO ?[0;39m ?[35morg.mongodb.driver.connection?[0;39m - Opened connection [connectionId{localValue:14, serverValue:21}] to localhost:32773
?[36m20:35:59.465?[0;39m ?[1;30m[cluster-ClusterId{value='6406409fc4a2dd4af240b790', description='fire-ultimate'}-localhost:32773]?[0;39m ?[34mINFO ?[0;39m ?[35morg.mongodb.driver.connection?[0;39m - Opened connection [connectionId{localValue:13, serverValue:22}] to localhost:32773
?[36m20:35:59.465?[0;39m ?[1;30m[cluster-ClusterId{value='6406409fc4a2dd4af240b790', description='fire-ultimate'}-localhost:32773]?[0;39m ?[34mINFO ?[0;39m ?[35morg.mongodb.driver.cluster?[0;39m - Monitor thread successfully connected to server with description ServerDescription{address=localhost:32773, type=REPLICA_SET_PRIMARY, state=CONNECTED, ok=true, minWireVersion=0, maxWireVersion=13, maxDocumentSize=16777216, logicalSessionTimeoutMinutes=30, roundTripTimeNanos=743787, setName='docker-rs', canonicalAddress=24d00ce46dcb:27017, hosts=[24d00ce46dcb:27017], passives=[], arbiters=[], primary='24d00ce46dcb:27017', tagSet=TagSet{[]}, electionId=7fffffff0000000000000001, setVersion=1, topologyVersion=TopologyVersion{processId=6406409c95dff0fc3e2a5cb9, counter=6}, lastWriteDate=Mon Mar 06 20:35:59 CET 2023, lastUpdateTimeNanos=38862341555410}
?[36m20:35:59.469?[0;39m ?[1;30m[Test worker]?[0;39m ?[34mINFO ?[0;39m ?[35morg.mongodb.driver.connection?[0;39m - Opened connection [connectionId{localValue:15, serverValue:23}] to localhost:32773
?[36m20:35:59.830?[0;39m ?[1;30m[Test worker]?[0;39m ?[1;31mERROR?[0;39m ?[35mi.m.r.intercept.RecoveryInterceptor?[0;39m - Type [com.blazinc.support.AppClient$Intercepted] executed with error: invalid credentials
io.micronaut.http.client.exceptions.HttpClientResponseException: invalid credentials
	at io.micronaut.http.client.netty.DefaultHttpClient$FullHttpResponseHandler.makeErrorFromRequestBody(DefaultHttpClient.java:2232)
	at io.micronaut.http.client.netty.DefaultHttpClient$FullHttpResponseHandler.buildResponse(DefaultHttpClient.java:2194)
	at io.micronaut.http.client.netty.DefaultHttpClient$FullHttpResponseHandler.buildResponse(DefaultHttpClient.java:2117)
	at io.micronaut.http.client.netty.DefaultHttpClient$BaseHttpResponseHandler.channelReadInstrumented(DefaultHttpClient.java:2092)
	at io.micronaut.http.client.netty.DefaultHttpClient$FullHttpResponseHandler.channelReadInstrumented(DefaultHttpClient.java:2153)
	at io.micronaut.http.client.netty.DefaultHttpClient$FullHttpResponseHandler.channelReadInstrumented(DefaultHttpClient.java:2117)
	at io.micronaut.http.client.netty.SimpleChannelInboundHandlerInstrumented.channelRead0(SimpleChannelInboundHandlerInstrumented.java:49)
	at io.netty.channel.SimpleChannelInboundHandler.channelRead(SimpleChannelInboundHandler.java:99)
	at io.netty.channel.AbstractChannelHandlerContext.invokeChannelRead(AbstractChannelHandlerContext.java:444)
	at io.netty.channel.AbstractChannelHandlerContext.invokeChannelRead(AbstractChannelHandlerContext.java:420)
	at io.netty.channel.AbstractChannelHandlerContext.fireChannelRead(AbstractChannelHandlerContext.java:412)
	at io.micronaut.http.netty.stream.HttpStreamsHandler.channelRead(HttpStreamsHandler.java:215)
	at io.micronaut.http.netty.stream.HttpStreamsClientHandler.channelRead(HttpStreamsClientHandler.java:180)
	at io.netty.channel.AbstractChannelHandlerContext.invokeChannelRead(AbstractChannelHandlerContext.java:442)
	at io.netty.channel.AbstractChannelHandlerContext.invokeChannelRead(AbstractChannelHandlerContext.java:420)
	at io.netty.channel.AbstractChannelHandlerContext.fireChannelRead(AbstractChannelHandlerContext.java:412)
	at io.netty.handler.codec.MessageToMessageDecoder.channelRead(MessageToMessageDecoder.java:103)
	at io.netty.channel.AbstractChannelHandlerContext.invokeChannelRead(AbstractChannelHandlerContext.java:444)
	at io.netty.channel.AbstractChannelHandlerContext.invokeChannelRead(AbstractChannelHandlerContext.java:420)
	at io.netty.channel.AbstractChannelHandlerContext.fireChannelRead(AbstractChannelHandlerContext.java:412)
	at io.netty.handler.codec.MessageToMessageDecoder.channelRead(MessageToMessageDecoder.java:103)
	at io.netty.channel.AbstractChannelHandlerContext.invokeChannelRead(AbstractChannelHandlerContext.java:444)
	at io.netty.channel.AbstractChannelHandlerContext.invokeChannelRead(AbstractChannelHandlerContext.java:420)
	at io.netty.channel.AbstractChannelHandlerContext.fireChannelRead(AbstractChannelHandlerContext.java:412)
	at io.netty.channel.CombinedChannelDuplexHandler$DelegatingChannelHandlerContext.fireChannelRead(CombinedChannelDuplexHandler.java:436)
	at io.netty.handler.codec.ByteToMessageDecoder.fireChannelRead(ByteToMessageDecoder.java:346)
	at io.netty.handler.codec.ByteToMessageDecoder.channelRead(ByteToMessageDecoder.java:318)
	at io.netty.channel.CombinedChannelDuplexHandler.channelRead(CombinedChannelDuplexHandler.java:251)
	at io.netty.channel.AbstractChannelHandlerContext.invokeChannelRead(AbstractChannelHandlerContext.java:442)
	at io.netty.channel.AbstractChannelHandlerContext.invokeChannelRead(AbstractChannelHandlerContext.java:420)
	at io.netty.channel.AbstractChannelHandlerContext.fireChannelRead(AbstractChannelHandlerContext.java:412)
	at io.netty.handler.timeout.IdleStateHandler.channelRead(IdleStateHandler.java:286)
	at io.netty.channel.AbstractChannelHandlerContext.invokeChannelRead(AbstractChannelHandlerContext.java:442)
	at io.netty.channel.AbstractChannelHandlerContext.invokeChannelRead(AbstractChannelHandlerContext.java:420)
	at io.netty.channel.AbstractChannelHandlerContext.fireChannelRead(AbstractChannelHandlerContext.java:412)
	at io.netty.channel.DefaultChannelPipeline$HeadContext.channelRead(DefaultChannelPipeline.java:1410)
	at io.netty.channel.AbstractChannelHandlerContext.invokeChannelRead(AbstractChannelHandlerContext.java:440)
	at io.netty.channel.AbstractChannelHandlerContext.invokeChannelRead(AbstractChannelHandlerContext.java:420)
	at io.netty.channel.DefaultChannelPipeline.fireChannelRead(DefaultChannelPipeline.java:919)
	at io.netty.channel.nio.AbstractNioByteChannel$NioByteUnsafe.read(AbstractNioByteChannel.java:166)
	at io.netty.channel.nio.NioEventLoop.processSelectedKey(NioEventLoop.java:788)
	at io.netty.channel.nio.NioEventLoop.processSelectedKeysOptimized(NioEventLoop.java:724)
	at io.netty.channel.nio.NioEventLoop.processSelectedKeys(NioEventLoop.java:650)
	at io.netty.channel.nio.NioEventLoop.run(NioEventLoop.java:562)
	at io.netty.util.concurrent.SingleThreadEventExecutor$4.run(SingleThreadEventExecutor.java:997)
	at io.netty.util.internal.ThreadExecutorMap$2.run(ThreadExecutorMap.java:74)
	at io.netty.util.concurrent.FastThreadLocalRunnable.run(FastThreadLocalRunnable.java:30)
	at java.base/java.lang.Thread.run(Thread.java:833)
	Suppressed: java.lang.Exception: #block terminated with an error
		at reactor.core.publisher.BlockingSingleSubscriber.blockingGet(BlockingSingleSubscriber.java:99)
		at reactor.core.publisher.Flux.blockFirst(Flux.java:2701)
		at io.micronaut.http.client.netty.DefaultHttpClient$1.exchange(DefaultHttpClient.java:499)
		at io.micronaut.http.client.netty.DefaultHttpClient$1.retrieve(DefaultHttpClient.java:506)
		at io.micronaut.http.client.interceptor.HttpClientIntroductionAdvice.lambda$intercept$5(HttpClientIntroductionAdvice.java:411)
		at io.micronaut.http.client.interceptor.HttpClientIntroductionAdvice.handleBlockingCall(HttpClientIntroductionAdvice.java:510)
		at io.micronaut.http.client.interceptor.HttpClientIntroductionAdvice.intercept(HttpClientIntroductionAdvice.java:410)
		at io.micronaut.aop.chain.MethodInterceptorChain.proceed(MethodInterceptorChain.java:137)
		at io.micronaut.retry.intercept.RecoveryInterceptor.intercept(RecoveryInterceptor.java:92)
		at io.micronaut.aop.chain.MethodInterceptorChain.proceed(MethodInterceptorChain.java:137)
		at com.blazinc.support.AppClient$Intercepted.login(Unknown Source)
		at com.blazinc.support.AppClient$login.call(Unknown Source)
		at org.codehaus.groovy.runtime.callsite.CallSiteArray.defaultCall(CallSiteArray.java:47)
		at org.codehaus.groovy.runtime.callsite.AbstractCallSite.call(AbstractCallSite.java:125)
		at org.codehaus.groovy.runtime.callsite.AbstractCallSite.call(AbstractCallSite.java:139)
		at com.blazinc.security.DeclarativeHttpClientWithJwtSpec.$spock_feature_0_1(DeclarativeHttpClientWithJwtSpec.groovy:61)
		at java.base/jdk.internal.reflect.NativeMethodAccessorImpl.invoke0(Native Method)
		at java.base/jdk.internal.reflect.NativeMethodAccessorImpl.invoke(NativeMethodAccessorImpl.java:77)
		at java.base/jdk.internal.reflect.DelegatingMethodAccessorImpl.invoke(DelegatingMethodAccessorImpl.java:43)
		at java.base/java.lang.reflect.Method.invoke(Method.java:568)
		at org.spockframework.util.ReflectionUtil.invokeMethod(ReflectionUtil.java:198)
		at org.spockframework.runtime.model.MethodInfo.lambda$new$0(MethodInfo.java:47)
		at org.spockframework.runtime.model.MethodInfo.invoke(MethodInfo.java:148)
		at org.spockframework.runtime.extension.MethodInvocation.proceed(MethodInvocation.java:102)
		at io.micronaut.test.extensions.spock.MicronautSpockExtension.lambda$visitSpecAnnotation$1(MicronautSpockExtension.java:92)
		at org.spockframework.runtime.extension.MethodInvocation.proceed(MethodInvocation.java:101)
		at org.spockframework.runtime.PlatformSpecRunner.invoke(PlatformSpecRunner.java:398)
		at org.spockframework.runtime.PlatformSpecRunner.runFeatureMethod(PlatformSpecRunner.java:324)
		at org.spockframework.runtime.IterationNode.execute(IterationNode.java:48)
		at org.spockframework.runtime.SimpleFeatureNode.execute(SimpleFeatureNode.java:58)
		at org.spockframework.runtime.SimpleFeatureNode.execute(SimpleFeatureNode.java:15)
		at org.junit.platform.engine.support.hierarchical.NodeTestTask.lambda$executeRecursively$6(NodeTestTask.java:151)
		at org.junit.platform.engine.support.hierarchical.ThrowableCollector.execute(ThrowableCollector.java:73)
		at org.junit.platform.engine.support.hierarchical.NodeTestTask.lambda$executeRecursively$8(NodeTestTask.java:141)
		at org.spockframework.runtime.SpockNode.sneakyInvoke(SpockNode.java:40)
		at org.spockframework.runtime.IterationNode.lambda$around$0(IterationNode.java:63)
		at org.spockframework.runtime.PlatformSpecRunner.lambda$createMethodInfoForDoRunIteration$5(PlatformSpecRunner.java:236)
		at org.spockframework.runtime.model.MethodInfo.invoke(MethodInfo.java:148)
		at org.spockframework.runtime.PlatformSpecRunner.invokeRaw(PlatformSpecRunner.java:407)
		at org.spockframework.runtime.PlatformSpecRunner.invoke(PlatformSpecRunner.java:390)
		at org.spockframework.runtime.PlatformSpecRunner.runIteration(PlatformSpecRunner.java:218)
		at org.spockframework.runtime.IterationNode.around(IterationNode.java:63)
		at org.spockframework.runtime.SimpleFeatureNode.lambda$around$0(SimpleFeatureNode.java:52)
		at org.spockframework.runtime.SpockNode.sneakyInvoke(SpockNode.java:40)
		at org.spockframework.runtime.FeatureNode.lambda$around$0(FeatureNode.java:29)
		at org.spockframework.runtime.PlatformSpecRunner.lambda$createMethodInfoForDoRunFeature$4(PlatformSpecRunner.java:199)
		at org.spockframework.runtime.model.MethodInfo.invoke(MethodInfo.java:148)
		at org.spockframework.runtime.extension.MethodInvocation.proceed(MethodInvocation.java:102)
		at io.micronaut.test.extensions.spock.MicronautSpockExtension$1.proceed(MicronautSpockExtension.java:80)
		at io.micronaut.test.extensions.AbstractMicronautExtension.interceptEach(AbstractMicronautExtension.java:135)
		at io.micronaut.test.extensions.AbstractMicronautExtension.interceptTest(AbstractMicronautExtension.java:92)
		at io.micronaut.test.extensions.spock.MicronautSpockExtension.lambda$visitSpecAnnotation$0(MicronautSpockExtension.java:72)
		at org.spockframework.runtime.extension.MethodInvocation.proceed(MethodInvocation.java:101)
		at org.spockframework.runtime.PlatformSpecRunner.invoke(PlatformSpecRunner.java:398)
		at org.spockframework.runtime.PlatformSpecRunner.runFeature(PlatformSpecRunner.java:192)
		at org.spockframework.runtime.FeatureNode.around(FeatureNode.java:29)
		at org.spockframework.runtime.SimpleFeatureNode.around(SimpleFeatureNode.java:52)
		at org.spockframework.runtime.SimpleFeatureNode.around(SimpleFeatureNode.java:15)
		at org.junit.platform.engine.support.hierarchical.NodeTestTask.lambda$executeRecursively$9(NodeTestTask.java:139)
		at org.junit.platform.engine.support.hierarchical.ThrowableCollector.execute(ThrowableCollector.java:73)
		at org.junit.platform.engine.support.hierarchical.NodeTestTask.executeRecursively(NodeTestTask.java:138)
		at org.junit.platform.engine.support.hierarchical.NodeTestTask.execute(NodeTestTask.java:95)
		at java.base/java.util.ArrayList.forEach(ArrayList.java:1511)
		at org.junit.platform.engine.support.hierarchical.SameThreadHierarchicalTestExecutorService.invokeAll(SameThreadHierarchicalTestExecutorService.java:41)
		at org.junit.platform.engine.support.hierarchical.NodeTestTask.lambda$executeRecursively$6(NodeTestTask.java:155)
		at org.junit.platform.engine.support.hierarchical.ThrowableCollector.execute(ThrowableCollector.java:73)
		at org.junit.platform.engine.support.hierarchical.NodeTestTask.lambda$executeRecursively$8(NodeTestTask.java:141)
		at org.spockframework.runtime.SpockNode.sneakyInvoke(SpockNode.java:40)
		at org.spockframework.runtime.SpecNode.lambda$around$0(SpecNode.java:63)
		at org.spockframework.runtime.PlatformSpecRunner.lambda$createMethodInfoForDoRunSpec$0(PlatformSpecRunner.java:61)
		at org.spockframework.runtime.model.MethodInfo.invoke(MethodInfo.java:148)
		at org.spockframework.runtime.PlatformSpecRunner.invokeRaw(PlatformSpecRunner.java:407)
		at org.spockframework.runtime.PlatformSpecRunner.invoke(PlatformSpecRunner.java:390)
		at org.spockframework.runtime.PlatformSpecRunner.runSpec(PlatformSpecRunner.java:55)
		at org.spockframework.runtime.SpecNode.around(SpecNode.java:63)
		at org.spockframework.runtime.SpecNode.around(SpecNode.java:11)
		at org.junit.platform.engine.support.hierarchical.NodeTestTask.lambda$executeRecursively$9(NodeTestTask.java:139)
		at org.junit.platform.engine.support.hierarchical.ThrowableCollector.execute(ThrowableCollector.java:73)
		at org.junit.platform.engine.support.hierarchical.NodeTestTask.executeRecursively(NodeTestTask.java:138)
		at org.junit.platform.engine.support.hierarchical.NodeTestTask.execute(NodeTestTask.java:95)
		at java.base/java.util.ArrayList.forEach(ArrayList.java:1511)
		at org.junit.platform.engine.support.hierarchical.SameThreadHierarchicalTestExecutorService.invokeAll(SameThreadHierarchicalTestExecutorService.java:41)
		at org.junit.platform.engine.support.hierarchical.NodeTestTask.lambda$executeRecursively$6(NodeTestTask.java:155)
		at org.junit.platform.engine.support.hierarchical.ThrowableCollector.execute(ThrowableCollector.java:73)
		at org.junit.platform.engine.support.hierarchical.NodeTestTask.lambda$executeRecursively$8(NodeTestTask.java:141)
		at org.junit.platform.engine.support.hierarchical.Node.around(Node.java:137)
		at org.junit.platform.engine.support.hierarchical.NodeTestTask.lambda$executeRecursively$9(NodeTestTask.java:139)
		at org.junit.platform.engine.support.hierarchical.ThrowableCollector.execute(ThrowableCollector.java:73)
		at org.junit.platform.engine.support.hierarchical.NodeTestTask.executeRecursively(NodeTestTask.java:138)
		at org.junit.platform.engine.support.hierarchical.NodeTestTask.execute(NodeTestTask.java:95)
		at org.junit.platform.engine.support.hierarchical.SameThreadHierarchicalTestExecutorService.submit(SameThreadHierarchicalTestExecutorService.java:35)
		at org.junit.platform.engine.support.hierarchical.HierarchicalTestExecutor.execute(HierarchicalTestExecutor.java:57)
		at org.junit.platform.engine.support.hierarchical.HierarchicalTestEngine.execute(HierarchicalTestEngine.java:54)
		at org.junit.platform.launcher.core.EngineExecutionOrchestrator.execute(EngineExecutionOrchestrator.java:147)
		at org.junit.platform.launcher.core.EngineExecutionOrchestrator.execute(EngineExecutionOrchestrator.java:127)
		at org.junit.platform.launcher.core.EngineExecutionOrchestrator.execute(EngineExecutionOrchestrator.java:90)
		at org.junit.platform.launcher.core.EngineExecutionOrchestrator.lambda$execute$0(EngineExecutionOrchestrator.java:55)
		at org.junit.platform.launcher.core.EngineExecutionOrchestrator.withInterceptedStreams(EngineExecutionOrchestrator.java:102)
		at org.junit.platform.launcher.core.EngineExecutionOrchestrator.execute(EngineExecutionOrchestrator.java:54)
		at org.junit.platform.launcher.core.DefaultLauncher.execute(DefaultLauncher.java:114)
		at org.junit.platform.launcher.core.DefaultLauncher.execute(DefaultLauncher.java:86)
		at org.junit.platform.launcher.core.DefaultLauncherSession$DelegatingLauncher.execute(DefaultLauncherSession.java:86)
		at org.junit.platform.launcher.core.SessionPerRequestLauncher.execute(SessionPerRequestLauncher.java:53)
		at org.gradle.api.internal.tasks.testing.junitplatform.JUnitPlatformTestClassProcessor$CollectAllTestClassesExecutor.processAllTestClasses(JUnitPlatformTestClassProcessor.java:99)
		at org.gradle.api.internal.tasks.testing.junitplatform.JUnitPlatformTestClassProcessor$CollectAllTestClassesExecutor.access$000(JUnitPlatformTestClassProcessor.java:79)
		at org.gradle.api.internal.tasks.testing.junitplatform.JUnitPlatformTestClassProcessor.stop(JUnitPlatformTestClassProcessor.java:75)
		at org.gradle.api.internal.tasks.testing.SuiteTestClassProcessor.stop(SuiteTestClassProcessor.java:61)
		at java.base/jdk.internal.reflect.NativeMethodAccessorImpl.invoke0(Native Method)
		at java.base/jdk.internal.reflect.NativeMethodAccessorImpl.invoke(NativeMethodAccessorImpl.java:77)
		at java.base/jdk.internal.reflect.DelegatingMethodAccessorImpl.invoke(DelegatingMethodAccessorImpl.java:43)
		at java.base/java.lang.reflect.Method.invoke(Method.java:568)
		at org.gradle.internal.dispatch.ReflectionDispatch.dispatch(ReflectionDispatch.java:36)
		at org.gradle.internal.dispatch.ReflectionDispatch.dispatch(ReflectionDispatch.java:24)
		at org.gradle.internal.dispatch.ContextClassLoaderDispatch.dispatch(ContextClassLoaderDispatch.java:33)
		at org.gradle.internal.dispatch.ProxyDispatchAdapter$DispatchingInvocationHandler.invoke(ProxyDispatchAdapter.java:94)
		at jdk.proxy1/jdk.proxy1.$Proxy2.stop(Unknown Source)
		at org.gradle.api.internal.tasks.testing.worker.TestWorker$3.run(TestWorker.java:193)
		at org.gradle.api.internal.tasks.testing.worker.TestWorker.executeAndMaintainThreadName(TestWorker.java:129)
		at org.gradle.api.internal.tasks.testing.worker.TestWorker.execute(TestWorker.java:100)
		at org.gradle.api.internal.tasks.testing.worker.TestWorker.execute(TestWorker.java:60)
		at org.gradle.process.internal.worker.child.ActionExecutionWorker.execute(ActionExecutionWorker.java:56)
		at org.gradle.process.internal.worker.child.SystemApplicationClassLoaderWorker.call(SystemApplicationClassLoaderWorker.java:133)
		at org.gradle.process.internal.worker.child.SystemApplicationClassLoaderWorker.call(SystemApplicationClassLoaderWorker.java:71)
		at worker.org.gradle.process.internal.worker.GradleWorkerMain.run(GradleWorkerMain.java:69)
		at worker.org.gradle.process.internal.worker.GradleWorkerMain.main(GradleWorkerMain.java:74)
?[36m20:36:00.023?[0;39m ?[1;30m[Test worker]?[0;39m ?[1;31mERROR?[0;39m ?[35mi.m.r.intercept.RecoveryInterceptor?[0;39m - Type [com.blazinc.support.AppClient$Intercepted] executed with error: Client '/': Unauthorized
io.micronaut.http.client.exceptions.HttpClientResponseException: Client '/': Unauthorized
	at io.micronaut.http.client.netty.DefaultHttpClient$FullHttpResponseHandler.makeErrorFromRequestBody(DefaultHttpClient.java:2232)
	at io.micronaut.http.client.netty.DefaultHttpClient$FullHttpResponseHandler.buildResponse(DefaultHttpClient.java:2194)
	at io.micronaut.http.client.netty.DefaultHttpClient$FullHttpResponseHandler.buildResponse(DefaultHttpClient.java:2117)
	at io.micronaut.http.client.netty.DefaultHttpClient$BaseHttpResponseHandler.channelReadInstrumented(DefaultHttpClient.java:2092)
	at io.micronaut.http.client.netty.DefaultHttpClient$FullHttpResponseHandler.channelReadInstrumented(DefaultHttpClient.java:2153)
	at io.micronaut.http.client.netty.DefaultHttpClient$FullHttpResponseHandler.channelReadInstrumented(DefaultHttpClient.java:2117)
	at io.micronaut.http.client.netty.SimpleChannelInboundHandlerInstrumented.channelRead0(SimpleChannelInboundHandlerInstrumented.java:49)
	at io.netty.channel.SimpleChannelInboundHandler.channelRead(SimpleChannelInboundHandler.java:99)
	at io.netty.channel.AbstractChannelHandlerContext.invokeChannelRead(AbstractChannelHandlerContext.java:444)
	at io.netty.channel.AbstractChannelHandlerContext.invokeChannelRead(AbstractChannelHandlerContext.java:420)
	at io.netty.channel.AbstractChannelHandlerContext.fireChannelRead(AbstractChannelHandlerContext.java:412)
	at io.micronaut.http.netty.stream.HttpStreamsHandler.channelRead(HttpStreamsHandler.java:215)
	at io.micronaut.http.netty.stream.HttpStreamsClientHandler.channelRead(HttpStreamsClientHandler.java:180)
	at io.netty.channel.AbstractChannelHandlerContext.invokeChannelRead(AbstractChannelHandlerContext.java:442)
	at io.netty.channel.AbstractChannelHandlerContext.invokeChannelRead(AbstractChannelHandlerContext.java:420)
	at io.netty.channel.AbstractChannelHandlerContext.fireChannelRead(AbstractChannelHandlerContext.java:412)
	at io.netty.handler.codec.MessageToMessageDecoder.channelRead(MessageToMessageDecoder.java:103)
	at io.netty.channel.AbstractChannelHandlerContext.invokeChannelRead(AbstractChannelHandlerContext.java:444)
	at io.netty.channel.AbstractChannelHandlerContext.invokeChannelRead(AbstractChannelHandlerContext.java:420)
	at io.netty.channel.AbstractChannelHandlerContext.fireChannelRead(AbstractChannelHandlerContext.java:412)
	at io.netty.handler.codec.MessageToMessageDecoder.channelRead(MessageToMessageDecoder.java:103)
	at io.netty.channel.AbstractChannelHandlerContext.invokeChannelRead(AbstractChannelHandlerContext.java:444)
	at io.netty.channel.AbstractChannelHandlerContext.invokeChannelRead(AbstractChannelHandlerContext.java:420)
	at io.netty.channel.AbstractChannelHandlerContext.fireChannelRead(AbstractChannelHandlerContext.java:412)
	at io.netty.channel.CombinedChannelDuplexHandler$DelegatingChannelHandlerContext.fireChannelRead(CombinedChannelDuplexHandler.java:436)
	at io.netty.handler.codec.ByteToMessageDecoder.fireChannelRead(ByteToMessageDecoder.java:346)
	at io.netty.handler.codec.ByteToMessageDecoder.channelRead(ByteToMessageDecoder.java:318)
	at io.netty.channel.CombinedChannelDuplexHandler.channelRead(CombinedChannelDuplexHandler.java:251)
	at io.netty.channel.AbstractChannelHandlerContext.invokeChannelRead(AbstractChannelHandlerContext.java:442)
	at io.netty.channel.AbstractChannelHandlerContext.invokeChannelRead(AbstractChannelHandlerContext.java:420)
	at io.netty.channel.AbstractChannelHandlerContext.fireChannelRead(AbstractChannelHandlerContext.java:412)
	at io.netty.handler.timeout.IdleStateHandler.channelRead(IdleStateHandler.java:286)
	at io.netty.channel.AbstractChannelHandlerContext.invokeChannelRead(AbstractChannelHandlerContext.java:442)
	at io.netty.channel.AbstractChannelHandlerContext.invokeChannelRead(AbstractChannelHandlerContext.java:420)
	at io.netty.channel.AbstractChannelHandlerContext.fireChannelRead(AbstractChannelHandlerContext.java:412)
	at io.netty.channel.DefaultChannelPipeline$HeadContext.channelRead(DefaultChannelPipeline.java:1410)
	at io.netty.channel.AbstractChannelHandlerContext.invokeChannelRead(AbstractChannelHandlerContext.java:440)
	at io.netty.channel.AbstractChannelHandlerContext.invokeChannelRead(AbstractChannelHandlerContext.java:420)
	at io.netty.channel.DefaultChannelPipeline.fireChannelRead(DefaultChannelPipeline.java:919)
	at io.netty.channel.nio.AbstractNioByteChannel$NioByteUnsafe.read(AbstractNioByteChannel.java:166)
	at io.netty.channel.nio.NioEventLoop.processSelectedKey(NioEventLoop.java:788)
	at io.netty.channel.nio.NioEventLoop.processSelectedKeysOptimized(NioEventLoop.java:724)
	at io.netty.channel.nio.NioEventLoop.processSelectedKeys(NioEventLoop.java:650)
	at io.netty.channel.nio.NioEventLoop.run(NioEventLoop.java:562)
	at io.netty.util.concurrent.SingleThreadEventExecutor$4.run(SingleThreadEventExecutor.java:997)
	at io.netty.util.internal.ThreadExecutorMap$2.run(ThreadExecutorMap.java:74)
	at io.netty.util.concurrent.FastThreadLocalRunnable.run(FastThreadLocalRunnable.java:30)
	at java.base/java.lang.Thread.run(Thread.java:833)
	Suppressed: java.lang.Exception: #block terminated with an error
		at reactor.core.publisher.BlockingSingleSubscriber.blockingGet(BlockingSingleSubscriber.java:99)
		at reactor.core.publisher.Flux.blockFirst(Flux.java:2701)
		at io.micronaut.http.client.netty.DefaultHttpClient$1.exchange(DefaultHttpClient.java:499)
		at io.micronaut.http.client.netty.DefaultHttpClient$1.retrieve(DefaultHttpClient.java:506)
		at io.micronaut.http.client.interceptor.HttpClientIntroductionAdvice.lambda$intercept$5(HttpClientIntroductionAdvice.java:411)
		at io.micronaut.http.client.interceptor.HttpClientIntroductionAdvice.handleBlockingCall(HttpClientIntroductionAdvice.java:510)
		at io.micronaut.http.client.interceptor.HttpClientIntroductionAdvice.intercept(HttpClientIntroductionAdvice.java:410)
		at io.micronaut.aop.chain.MethodInterceptorChain.proceed(MethodInterceptorChain.java:137)
		at io.micronaut.retry.intercept.RecoveryInterceptor.intercept(RecoveryInterceptor.java:92)
		at io.micronaut.aop.chain.MethodInterceptorChain.proceed(MethodInterceptorChain.java:137)
		at com.blazinc.support.AppClient$Intercepted.home(Unknown Source)
		at java.base/jdk.internal.reflect.NativeMethodAccessorImpl.invoke0(Native Method)
		at java.base/jdk.internal.reflect.NativeMethodAccessorImpl.invoke(NativeMethodAccessorImpl.java:77)
		at java.base/jdk.internal.reflect.DelegatingMethodAccessorImpl.invoke(DelegatingMethodAccessorImpl.java:43)
		at java.base/java.lang.reflect.Method.invoke(Method.java:568)
		at org.codehaus.groovy.runtime.callsite.PlainObjectMetaMethodSite.doInvoke(PlainObjectMetaMethodSite.java:43)
		at org.codehaus.groovy.runtime.callsite.PojoMetaMethodSite$PojoCachedMethodSiteNoUnwrap.invoke(PojoMetaMethodSite.java:203)
		at org.codehaus.groovy.runtime.callsite.PojoMetaMethodSite.call(PojoMetaMethodSite.java:56)
		at org.codehaus.groovy.runtime.callsite.CallSiteArray.defaultCall(CallSiteArray.java:47)
		at org.codehaus.groovy.runtime.callsite.AbstractCallSite.call(AbstractCallSite.java:125)
		at org.codehaus.groovy.runtime.callsite.AbstractCallSite.call(AbstractCallSite.java:139)
		at com.blazinc.security.DeclarativeHttpClientWithJwtSpec.$spock_feature_0_3(DeclarativeHttpClientWithJwtSpec.groovy:80)
		at java.base/jdk.internal.reflect.NativeMethodAccessorImpl.invoke0(Native Method)
		at java.base/jdk.internal.reflect.NativeMethodAccessorImpl.invoke(NativeMethodAccessorImpl.java:77)
		at java.base/jdk.internal.reflect.DelegatingMethodAccessorImpl.invoke(DelegatingMethodAccessorImpl.java:43)
		at java.base/java.lang.reflect.Method.invoke(Method.java:568)
		at org.spockframework.util.ReflectionUtil.invokeMethod(ReflectionUtil.java:198)
		at org.spockframework.runtime.model.MethodInfo.lambda$new$0(MethodInfo.java:47)
		at org.spockframework.runtime.model.MethodInfo.invoke(MethodInfo.java:148)
		at org.spockframework.runtime.extension.MethodInvocation.proceed(MethodInvocation.java:102)
		at io.micronaut.test.extensions.spock.MicronautSpockExtension.lambda$visitSpecAnnotation$1(MicronautSpockExtension.java:92)
		at org.spockframework.runtime.extension.MethodInvocation.proceed(MethodInvocation.java:101)
		at org.spockframework.runtime.PlatformSpecRunner.invoke(PlatformSpecRunner.java:398)
		at org.spockframework.runtime.PlatformSpecRunner.runFeatureMethod(PlatformSpecRunner.java:324)
		at org.spockframework.runtime.IterationNode.execute(IterationNode.java:48)
		at org.spockframework.runtime.SimpleFeatureNode.execute(SimpleFeatureNode.java:58)
		at org.spockframework.runtime.SimpleFeatureNode.execute(SimpleFeatureNode.java:15)
		at org.junit.platform.engine.support.hierarchical.NodeTestTask.lambda$executeRecursively$6(NodeTestTask.java:151)
		at org.junit.platform.engine.support.hierarchical.ThrowableCollector.execute(ThrowableCollector.java:73)
		at org.junit.platform.engine.support.hierarchical.NodeTestTask.lambda$executeRecursively$8(NodeTestTask.java:141)
		at org.spockframework.runtime.SpockNode.sneakyInvoke(SpockNode.java:40)
		at org.spockframework.runtime.IterationNode.lambda$around$0(IterationNode.java:63)
		at org.spockframework.runtime.PlatformSpecRunner.lambda$createMethodInfoForDoRunIteration$5(PlatformSpecRunner.java:236)
		at org.spockframework.runtime.model.MethodInfo.invoke(MethodInfo.java:148)
		at org.spockframework.runtime.PlatformSpecRunner.invokeRaw(PlatformSpecRunner.java:407)
		at org.spockframework.runtime.PlatformSpecRunner.invoke(PlatformSpecRunner.java:390)
		at org.spockframework.runtime.PlatformSpecRunner.runIteration(PlatformSpecRunner.java:218)
		at org.spockframework.runtime.IterationNode.around(IterationNode.java:63)
		at org.spockframework.runtime.SimpleFeatureNode.lambda$around$0(SimpleFeatureNode.java:52)
		at org.spockframework.runtime.SpockNode.sneakyInvoke(SpockNode.java:40)
		at org.spockframework.runtime.FeatureNode.lambda$around$0(FeatureNode.java:29)
		at org.spockframework.runtime.PlatformSpecRunner.lambda$createMethodInfoForDoRunFeature$4(PlatformSpecRunner.java:199)
		at org.spockframework.runtime.model.MethodInfo.invoke(MethodInfo.java:148)
		at org.spockframework.runtime.extension.MethodInvocation.proceed(MethodInvocation.java:102)
		at io.micronaut.test.extensions.spock.MicronautSpockExtension$1.proceed(MicronautSpockExtension.java:80)
		at io.micronaut.test.extensions.AbstractMicronautExtension.interceptEach(AbstractMicronautExtension.java:135)
		at io.micronaut.test.extensions.AbstractMicronautExtension.interceptTest(AbstractMicronautExtension.java:92)
		at io.micronaut.test.extensions.spock.MicronautSpockExtension.lambda$visitSpecAnnotation$0(MicronautSpockExtension.java:72)
		at org.spockframework.runtime.extension.MethodInvocation.proceed(MethodInvocation.java:101)
		at org.spockframework.runtime.PlatformSpecRunner.invoke(PlatformSpecRunner.java:398)
		at org.spockframework.runtime.PlatformSpecRunner.runFeature(PlatformSpecRunner.java:192)
		at org.spockframework.runtime.FeatureNode.around(FeatureNode.java:29)
		at org.spockframework.runtime.SimpleFeatureNode.around(SimpleFeatureNode.java:52)
		at org.spockframework.runtime.SimpleFeatureNode.around(SimpleFeatureNode.java:15)
		at org.junit.platform.engine.support.hierarchical.NodeTestTask.lambda$executeRecursively$9(NodeTestTask.java:139)
		at org.junit.platform.engine.support.hierarchical.ThrowableCollector.execute(ThrowableCollector.java:73)
		at org.junit.platform.engine.support.hierarchical.NodeTestTask.executeRecursively(NodeTestTask.java:138)
		at org.junit.platform.engine.support.hierarchical.NodeTestTask.execute(NodeTestTask.java:95)
		at java.base/java.util.ArrayList.forEach(ArrayList.java:1511)
		at org.junit.platform.engine.support.hierarchical.SameThreadHierarchicalTestExecutorService.invokeAll(SameThreadHierarchicalTestExecutorService.java:41)
		at org.junit.platform.engine.support.hierarchical.NodeTestTask.lambda$executeRecursively$6(NodeTestTask.java:155)
		at org.junit.platform.engine.support.hierarchical.ThrowableCollector.execute(ThrowableCollector.java:73)
		at org.junit.platform.engine.support.hierarchical.NodeTestTask.lambda$executeRecursively$8(NodeTestTask.java:141)
		at org.spockframework.runtime.SpockNode.sneakyInvoke(SpockNode.java:40)
		at org.spockframework.runtime.SpecNode.lambda$around$0(SpecNode.java:63)
		at org.spockframework.runtime.PlatformSpecRunner.lambda$createMethodInfoForDoRunSpec$0(PlatformSpecRunner.java:61)
		at org.spockframework.runtime.model.MethodInfo.invoke(MethodInfo.java:148)
		at org.spockframework.runtime.PlatformSpecRunner.invokeRaw(PlatformSpecRunner.java:407)
		at org.spockframework.runtime.PlatformSpecRunner.invoke(PlatformSpecRunner.java:390)
		at org.spockframework.runtime.PlatformSpecRunner.runSpec(PlatformSpecRunner.java:55)
		at org.spockframework.runtime.SpecNode.around(SpecNode.java:63)
		at org.spockframework.runtime.SpecNode.around(SpecNode.java:11)
		at org.junit.platform.engine.support.hierarchical.NodeTestTask.lambda$executeRecursively$9(NodeTestTask.java:139)
		at org.junit.platform.engine.support.hierarchical.ThrowableCollector.execute(ThrowableCollector.java:73)
		at org.junit.platform.engine.support.hierarchical.NodeTestTask.executeRecursively(NodeTestTask.java:138)
		at org.junit.platform.engine.support.hierarchical.NodeTestTask.execute(NodeTestTask.java:95)
		at java.base/java.util.ArrayList.forEach(ArrayList.java:1511)
		at org.junit.platform.engine.support.hierarchical.SameThreadHierarchicalTestExecutorService.invokeAll(SameThreadHierarchicalTestExecutorService.java:41)
		at org.junit.platform.engine.support.hierarchical.NodeTestTask.lambda$executeRecursively$6(NodeTestTask.java:155)
		at org.junit.platform.engine.support.hierarchical.ThrowableCollector.execute(ThrowableCollector.java:73)
		at org.junit.platform.engine.support.hierarchical.NodeTestTask.lambda$executeRecursively$8(NodeTestTask.java:141)
		at org.junit.platform.engine.support.hierarchical.Node.around(Node.java:137)
		at org.junit.platform.engine.support.hierarchical.NodeTestTask.lambda$executeRecursively$9(NodeTestTask.java:139)
		at org.junit.platform.engine.support.hierarchical.ThrowableCollector.execute(ThrowableCollector.java:73)
		at org.junit.platform.engine.support.hierarchical.NodeTestTask.executeRecursively(NodeTestTask.java:138)
		at org.junit.platform.engine.support.hierarchical.NodeTestTask.execute(NodeTestTask.java:95)
		at org.junit.platform.engine.support.hierarchical.SameThreadHierarchicalTestExecutorService.submit(SameThreadHierarchicalTestExecutorService.java:35)
		at org.junit.platform.engine.support.hierarchical.HierarchicalTestExecutor.execute(HierarchicalTestExecutor.java:57)
		at org.junit.platform.engine.support.hierarchical.HierarchicalTestEngine.execute(HierarchicalTestEngine.java:54)
		at org.junit.platform.launcher.core.EngineExecutionOrchestrator.execute(EngineExecutionOrchestrator.java:147)
		at org.junit.platform.launcher.core.EngineExecutionOrchestrator.execute(EngineExecutionOrchestrator.java:127)
		at org.junit.platform.launcher.core.EngineExecutionOrchestrator.execute(EngineExecutionOrchestrator.java:90)
		at org.junit.platform.launcher.core.EngineExecutionOrchestrator.lambda$execute$0(EngineExecutionOrchestrator.java:55)
		at org.junit.platform.launcher.core.EngineExecutionOrchestrator.withInterceptedStreams(EngineExecutionOrchestrator.java:102)
		at org.junit.platform.launcher.core.EngineExecutionOrchestrator.execute(EngineExecutionOrchestrator.java:54)
		at org.junit.platform.launcher.core.DefaultLauncher.execute(DefaultLauncher.java:114)
		at org.junit.platform.launcher.core.DefaultLauncher.execute(DefaultLauncher.java:86)
		at org.junit.platform.launcher.core.DefaultLauncherSession$DelegatingLauncher.execute(DefaultLauncherSession.java:86)
		at org.junit.platform.launcher.core.SessionPerRequestLauncher.execute(SessionPerRequestLauncher.java:53)
		at org.gradle.api.internal.tasks.testing.junitplatform.JUnitPlatformTestClassProcessor$CollectAllTestClassesExecutor.processAllTestClasses(JUnitPlatformTestClassProcessor.java:99)
		at org.gradle.api.internal.tasks.testing.junitplatform.JUnitPlatformTestClassProcessor$CollectAllTestClassesExecutor.access$000(JUnitPlatformTestClassProcessor.java:79)
		at org.gradle.api.internal.tasks.testing.junitplatform.JUnitPlatformTestClassProcessor.stop(JUnitPlatformTestClassProcessor.java:75)
		at org.gradle.api.internal.tasks.testing.SuiteTestClassProcessor.stop(SuiteTestClassProcessor.java:61)
		at java.base/jdk.internal.reflect.NativeMethodAccessorImpl.invoke0(Native Method)
		at java.base/jdk.internal.reflect.NativeMethodAccessorImpl.invoke(NativeMethodAccessorImpl.java:77)
		at java.base/jdk.internal.reflect.DelegatingMethodAccessorImpl.invoke(DelegatingMethodAccessorImpl.java:43)
		at java.base/java.lang.reflect.Method.invoke(Method.java:568)
		at org.gradle.internal.dispatch.ReflectionDispatch.dispatch(ReflectionDispatch.java:36)
		at org.gradle.internal.dispatch.ReflectionDispatch.dispatch(ReflectionDispatch.java:24)
		at org.gradle.internal.dispatch.ContextClassLoaderDispatch.dispatch(ContextClassLoaderDispatch.java:33)
		at org.gradle.internal.dispatch.ProxyDispatchAdapter$DispatchingInvocationHandler.invoke(ProxyDispatchAdapter.java:94)
		at jdk.proxy1/jdk.proxy1.$Proxy2.stop(Unknown Source)
		at org.gradle.api.internal.tasks.testing.worker.TestWorker$3.run(TestWorker.java:193)
		at org.gradle.api.internal.tasks.testing.worker.TestWorker.executeAndMaintainThreadName(TestWorker.java:129)
		at org.gradle.api.internal.tasks.testing.worker.TestWorker.execute(TestWorker.java:100)
		at org.gradle.api.internal.tasks.testing.worker.TestWorker.execute(TestWorker.java:60)
		at org.gradle.process.internal.worker.child.ActionExecutionWorker.execute(ActionExecutionWorker.java:56)
		at org.gradle.process.internal.worker.child.SystemApplicationClassLoaderWorker.call(SystemApplicationClassLoaderWorker.java:133)
		at org.gradle.process.internal.worker.child.SystemApplicationClassLoaderWorker.call(SystemApplicationClassLoaderWorker.java:71)
		at worker.org.gradle.process.internal.worker.GradleWorkerMain.run(GradleWorkerMain.java:69)
		at worker.org.gradle.process.internal.worker.GradleWorkerMain.main(GradleWorkerMain.java:74)
]]></system-out>
  <system-err><![CDATA[Mar 06, 2023 8:35:59 PM org.codehaus.groovy.runtime.callsite.PlainObjectMetaMethodSite doInvoke
INFO: STARTING LOGIN FOR USER fb9b133b-62b3-4be7-94e8-e836ca7fee4d WITH PASSWORD e9ec7c3f-6f5a-4fcd-bacc-6d1f6c4d0ada
Mar 06, 2023 8:35:59 PM org.codehaus.groovy.runtime.callsite.PlainObjectMetaMethodSite doInvoke
INFO: STARTING LOGIN FOR USER eea587ac-aec3-4f4a-b2f6-7009fabffe35 WITH PASSWORD b7743929-5cbe-4419-9ce9-8f331315912d
]]></system-err>
</testsuite>
