<?xml version="1.0" encoding="UTF-8"?>
<testsuite name="com.blazinc.security.JwtAuthenticationSpec" tests="2" skipped="0" failures="0" errors="0" timestamp="2023-03-06T19:36:00" hostname="blazerg-PC" time="0.209">
  <properties/>
  <testcase name="Accessing a secured URL without authenticating returns unauthorized" classname="com.blazinc.security.JwtAuthenticationSpec" time="0.08"/>
  <testcase name="upon successful authentication, a JSON Web token is issued to the user" classname="com.blazinc.security.JwtAuthenticationSpec" time="0.129"/>
  <system-out><![CDATA[?[36m20:36:00.049?[0;39m ?[1;30m[Test worker]?[0;39m ?[34mINFO ?[0;39m ?[35mi.m.context.env.DefaultEnvironment?[0;39m - Established active environments: [test]
?[36m20:36:00.099?[0;39m ?[1;30m[Test worker]?[0;39m ?[34mINFO ?[0;39m ?[35morg.mongodb.driver.client?[0;39m - MongoClient with metadata {"driver": {"name": "mongo-java-driver|sync", "version": "4.7.1"}, "os": {"type": "Linux", "name": "Linux", "architecture": "amd64", "version": "5.19.0-35-generic"}, "platform": "Java/Azul Systems, Inc./17.0.5+8-LTS", "application": {"name": "fire-ultimate"}} created with settings MongoClientSettings{readPreference=primary, writeConcern=WriteConcern{w=null, wTimeout=null ms, journal=null}, retryWrites=true, retryReads=true, readConcern=ReadConcern{level=null}, credential=null, streamFactoryFactory=null, commandListeners=[], codecRegistry=ProvidersCodecRegistry{codecProviders=[io.micronaut.data.mongodb.serde.DataCodecRegistry@b2da3a5, ProvidersCodecRegistry{codecProviders=[ValueCodecProvider{}, BsonValueCodecProvider{}, DBRefCodecProvider{}, DBObjectCodecProvider{}, DocumentCodecProvider{}, IterableCodecProvider{}, MapCodecProvider{}, GeoJsonCodecProvider{}, GridFSFileCodecProvider{}, Jsr310CodecProvider{}, JsonObjectCodecProvider{}, BsonCodecProvider{}, EnumCodecProvider{}, com.mongodb.Jep395RecordCodecProvider@515b9d4a]}, ProvidersCodecRegistry{codecProviders=[MapOfCodecsProvider{codecsMap={}}]}]}, clusterSettings={hosts=[localhost:32773], srvServiceName=mongodb, mode=SINGLE, requiredClusterType=UNKNOWN, requiredReplicaSetName='null', serverSelector='null', clusterListeners='[]', serverSelectionTimeout='30000 ms', localThreshold='30000 ms'}, socketSettings=SocketSettings{connectTimeoutMS=10000, readTimeoutMS=0, receiveBufferSize=0, sendBufferSize=0}, heartbeatSocketSettings=SocketSettings{connectTimeoutMS=10000, readTimeoutMS=10000, receiveBufferSize=0, sendBufferSize=0}, connectionPoolSettings=ConnectionPoolSettings{maxSize=100, minSize=0, maxWaitTimeMS=120000, maxConnectionLifeTimeMS=0, maxConnectionIdleTimeMS=0, maintenanceInitialDelayMS=0, maintenanceFrequencyMS=60000, connectionPoolListeners=[], maxConnecting=2}, serverSettings=ServerSettings{heartbeatFrequencyMS=10000, minHeartbeatFrequencyMS=500, serverListeners='[]', serverMonitorListeners='[]'}, sslSettings=SslSettings{enabled=false, invalidHostNameAllowed=false, context=null}, applicationName='fire-ultimate', compressorList=[], uuidRepresentation=UNSPECIFIED, serverApi=null, autoEncryptionSettings=null, contextProvider=null}
?[36m20:36:00.100?[0;39m ?[1;30m[cluster-rtt-ClusterId{value='640640a0c4a2dd4af240b795', description='fire-ultimate'}-localhost:32773]?[0;39m ?[34mINFO ?[0;39m ?[35morg.mongodb.driver.connection?[0;39m - Opened connection [connectionId{localValue:16, serverValue:24}] to localhost:32773
?[36m20:36:00.100?[0;39m ?[1;30m[cluster-ClusterId{value='640640a0c4a2dd4af240b795', description='fire-ultimate'}-localhost:32773]?[0;39m ?[34mINFO ?[0;39m ?[35morg.mongodb.driver.connection?[0;39m - Opened connection [connectionId{localValue:17, serverValue:25}] to localhost:32773
?[36m20:36:00.100?[0;39m ?[1;30m[cluster-ClusterId{value='640640a0c4a2dd4af240b795', description='fire-ultimate'}-localhost:32773]?[0;39m ?[34mINFO ?[0;39m ?[35morg.mongodb.driver.cluster?[0;39m - Monitor thread successfully connected to server with description ServerDescription{address=localhost:32773, type=REPLICA_SET_PRIMARY, state=CONNECTED, ok=true, minWireVersion=0, maxWireVersion=13, maxDocumentSize=16777216, logicalSessionTimeoutMinutes=30, roundTripTimeNanos=880908, setName='docker-rs', canonicalAddress=24d00ce46dcb:27017, hosts=[24d00ce46dcb:27017], passives=[], arbiters=[], primary='24d00ce46dcb:27017', tagSet=TagSet{[]}, electionId=7fffffff0000000000000001, setVersion=1, topologyVersion=TopologyVersion{processId=6406409c95dff0fc3e2a5cb9, counter=6}, lastWriteDate=Mon Mar 06 20:36:00 CET 2023, lastUpdateTimeNanos=38862976811639}
?[36m20:36:00.103?[0;39m ?[1;30m[Test worker]?[0;39m ?[34mINFO ?[0;39m ?[35morg.mongodb.driver.connection?[0;39m - Opened connection [connectionId{localValue:18, serverValue:26}] to localhost:32773
]]></system-out>
  <system-err><![CDATA[Mar 06, 2023 8:36:00 PM org.codehaus.groovy.runtime.callsite.PlainObjectMetaMethodSite doInvoke
INFO: STARTING LOGIN FOR USER 67a49d29-7892-4031-b34a-92342d2cb070 WITH PASSWORD 1b0d8514-044c-415d-99a8-ad7ad27b9553
]]></system-err>
</testsuite>
